<?xml version="1.0" encoding="UTF-8"?>
<!-- Generated by org.testng.reporters.JUnitReportReporter -->
<testsuite hostname="DESKTOP-T39868G" failures="0" tests="1" name="com.test.report.utils.ExtParasoft" time="39.111" errors="0" timestamp="2023-09-09T18:30:20 IST" skipped="0">
  <testcase classname="com.test.report.utils.ExtParasoft" name="verifyBlogTitle" time="39.111"/>
  <system-out/>
</testsuite> <!-- com.test.report.utils.ExtParasoft -->
